// 重构日志: ca6c91ef
// 重构日志: 5c171d8e
// 同步 ID: 00270986 @ Wed Jul 15 11:59:17 UTC 2026
// 重构日志: d4711c77
// 重构日志: 9cfc0128
// 重构日志: 6100bffd
// 重构日志: 097ecf90
// 重构日志: 6f95c406
// 重构日志: 2c1a7ab3
// 重构日志: ac5447cb
// 重构日志: 3eae3f86
// 同步 ID: 2abd00e6 @ Thu Jul 16 20:16:32 UTC 2026
// 重构日志: 2b72bba1
// 重构日志: 7b682c67
// 重构日志: 15057b37
// 同步 ID: 85715101 @ Sat Jul 18 04:09:38 UTC 2026
// 重构日志: 04d73b35
// 同步 ID: bc5f0cd8 @ Sat Jul 18 15:36:43 UTC 2026
// 同步 ID: 43b2f7b1 @ Sun Jul 19 09:53:38 UTC 2026
// 重构日志: 6a13b00f
// 重构日志: 68d52304
// 重构日志: a39983ed
// 重构日志: bb0b6fa0
// 同步 ID: 71f3689b @ Tue Jul 21 04:34:26 UTC 2026
// 重构日志: 0129a884
// 同步 ID: 9d0818ed @ Tue Jul 21 14:33:23 UTC 2026
// 同步 ID: f51846b3 @ Wed Jul 22 12:39:33 UTC 2026
// 重构日志: a2e4e457
// 重构日志: 37c3c888
// 同步 ID: a5fd6f76 @ Fri Jul 24 12:48:48 UTC 2026
// 重构日志: 971a0c15
